0 info it worked if it ends with ok
1 verbose cli [ 'node', '/usr/local/bin/npm', 'install', '--save', 'backparse' ]
2 info using npm@2.11.2
3 info using node@v0.12.2
4 verbose node symlink /usr/local/bin/node
5 verbose install initial load of /Users/LoganB/projects/day30/package.json
6 verbose installManyTop reading scoped package data from /Users/LoganB/projects/day30/node_modules/babelify/package.json
7 verbose installManyTop reading scoped package data from /Users/LoganB/projects/day30/node_modules/backbone/package.json
8 verbose installManyTop reading scoped package data from /Users/LoganB/projects/day30/node_modules/browserify/package.json
9 verbose installManyTop reading scoped package data from /Users/LoganB/projects/day30/node_modules/gulp/package.json
10 verbose installManyTop reading scoped package data from /Users/LoganB/projects/day30/node_modules/gulp-sourcemaps/package.json
11 verbose installManyTop reading scoped package data from /Users/LoganB/projects/day30/node_modules/gulp-util/package.json
12 verbose installManyTop reading scoped package data from /Users/LoganB/projects/day30/node_modules/jquery/package.json
13 verbose installManyTop reading scoped package data from /Users/LoganB/projects/day30/node_modules/lodash.assign/package.json
14 verbose installManyTop reading scoped package data from /Users/LoganB/projects/day30/node_modules/parse/package.json
15 verbose installManyTop reading scoped package data from /Users/LoganB/projects/day30/node_modules/react/package.json
16 verbose installManyTop reading scoped package data from /Users/LoganB/projects/day30/node_modules/validator/package.json
17 verbose installManyTop reading scoped package data from /Users/LoganB/projects/day30/node_modules/vinyl-buffer/package.json
18 verbose installManyTop reading scoped package data from /Users/LoganB/projects/day30/node_modules/vinyl-source-stream/package.json
19 verbose installManyTop reading scoped package data from /Users/LoganB/projects/day30/node_modules/watchify/package.json
20 info package.json parse@1.4.2 No repository field.
21 info package.json parse@1.4.2 No README data
22 info package.json parse@1.4.2 No license field.
23 info package.json jquery@2.1.4 No license field.
24 verbose readDependencies loading dependencies from /Users/LoganB/projects/day30/package.json
25 silly cache add args [ 'backparse', null ]
26 verbose cache add spec backparse
27 silly cache add parsed spec { raw: 'backparse',
27 silly cache add   scope: null,
27 silly cache add   name: 'backparse',
27 silly cache add   rawSpec: '',
27 silly cache add   spec: '*',
27 silly cache add   type: 'range' }
28 silly addNamed backparse@*
29 verbose addNamed "*" is a valid semver range for backparse
30 silly addNameRange { name: 'backparse', range: '*', hasData: false }
31 silly mapToRegistry name backparse
32 silly mapToRegistry using default registry
33 silly mapToRegistry registry https://registry.npmjs.org/
34 silly mapToRegistry uri https://registry.npmjs.org/backparse
35 verbose addNameRange registry:https://registry.npmjs.org/backparse not in flight; fetching
36 verbose request uri https://registry.npmjs.org/backparse
37 verbose request no auth needed
38 info attempt registry request try #1 at 10:48:44
39 verbose request id 0e152ab56634ac1b
40 http request GET https://registry.npmjs.org/backparse
41 http 404 https://registry.npmjs.org/backparse
42 verbose headers { server: 'CouchDB/1.5.0 (Erlang OTP/R16B03)',
42 verbose headers   'content-type': 'application/json',
42 verbose headers   'cache-control': 'max-age=0',
42 verbose headers   'content-length': '51',
42 verbose headers   'accept-ranges': 'bytes',
42 verbose headers   date: 'Wed, 24 Jun 2015 15:48:44 GMT',
42 verbose headers   via: '1.1 varnish',
42 verbose headers   age: '0',
42 verbose headers   connection: 'keep-alive',
42 verbose headers   'x-served-by': 'cache-dfw1834-DFW',
42 verbose headers   'x-cache': 'MISS',
42 verbose headers   'x-cache-hits': '0',
42 verbose headers   'x-timer': 'S1435160924.421187,VS0,VE51' }
43 silly get cb [ 404,
43 silly get   { server: 'CouchDB/1.5.0 (Erlang OTP/R16B03)',
43 silly get     'content-type': 'application/json',
43 silly get     'cache-control': 'max-age=0',
43 silly get     'content-length': '51',
43 silly get     'accept-ranges': 'bytes',
43 silly get     date: 'Wed, 24 Jun 2015 15:48:44 GMT',
43 silly get     via: '1.1 varnish',
43 silly get     age: '0',
43 silly get     connection: 'keep-alive',
43 silly get     'x-served-by': 'cache-dfw1834-DFW',
43 silly get     'x-cache': 'MISS',
43 silly get     'x-cache-hits': '0',
43 silly get     'x-timer': 'S1435160924.421187,VS0,VE51' } ]
44 verbose stack Error: 404 Not Found: backparse
44 verbose stack     at CachingRegistryClient.<anonymous> (/usr/local/lib/node_modules/npm/node_modules/npm-registry-client/lib/request.js:245:14)
44 verbose stack     at Request._callback (/usr/local/lib/node_modules/npm/node_modules/npm-registry-client/lib/request.js:170:14)
44 verbose stack     at Request.self.callback (/usr/local/lib/node_modules/npm/node_modules/request/request.js:354:22)
44 verbose stack     at Request.emit (events.js:110:17)
44 verbose stack     at Request.<anonymous> (/usr/local/lib/node_modules/npm/node_modules/request/request.js:1207:14)
44 verbose stack     at Request.emit (events.js:129:20)
44 verbose stack     at IncomingMessage.<anonymous> (/usr/local/lib/node_modules/npm/node_modules/request/request.js:1153:12)
44 verbose stack     at IncomingMessage.emit (events.js:129:20)
44 verbose stack     at _stream_readable.js:908:16
44 verbose stack     at process._tickCallback (node.js:355:11)
45 verbose statusCode 404
46 verbose pkgid backparse
47 verbose cwd /Users/LoganB/projects/day30
48 error Darwin 14.3.0
49 error argv "node" "/usr/local/bin/npm" "install" "--save" "backparse"
50 error node v0.12.2
51 error npm  v2.11.2
52 error code E404
53 error 404 Not Found: backparse
53 error 404
53 error 404 'backparse' is not in the npm registry.
53 error 404 You should bug the author to publish it (or use the name yourself!)
53 error 404
53 error 404 Note that you can also install from a
53 error 404 tarball, folder, http url, or git url.
54 verbose exit [ 1, true ]
